2019-09-13 07:04:49,666 INFO o.a.j.u.JMeterUtils: Setting Locale to en_US
2019-09-13 07:04:49,678 INFO o.a.j.JMeter: Loading user properties from: user.properties
2019-09-13 07:04:49,679 INFO o.a.j.JMeter: Loading system properties from: /opt/jmeter/apache-jmeter-3.3/bin/system.properties
2019-09-13 07:04:49,679 INFO o.a.j.JMeter: Setting JMeter property: FileName=TestData/UserCredential.csv
2019-09-13 07:04:49,683 INFO o.a.j.JMeter: Copyright (c) 1998-2017 The Apache Software Foundation
2019-09-13 07:04:49,683 INFO o.a.j.JMeter: Version 3.3 r1808647
2019-09-13 07:04:49,683 INFO o.a.j.JMeter: java.version=1.8.0_131
2019-09-13 07:04:49,683 INFO o.a.j.JMeter: java.vm.name=OpenJDK 64-Bit Server VM
2019-09-13 07:04:49,683 INFO o.a.j.JMeter: os.name=Linux
2019-09-13 07:04:49,683 INFO o.a.j.JMeter: os.arch=amd64
2019-09-13 07:04:49,683 INFO o.a.j.JMeter: os.version=4.9.125-linuxkit
2019-09-13 07:04:49,683 INFO o.a.j.JMeter: file.encoding=UTF-8
2019-09-13 07:04:49,683 INFO o.a.j.JMeter: Max memory     =536870912
2019-09-13 07:04:49,683 INFO o.a.j.JMeter: Available Processors =2
2019-09-13 07:04:49,687 INFO o.a.j.JMeter: Default Locale=English (United States)
2019-09-13 07:04:49,688 INFO o.a.j.JMeter: JMeter  Locale=English (United States)
2019-09-13 07:04:49,688 INFO o.a.j.JMeter: JMeterHome=/opt/jmeter/apache-jmeter-3.3
2019-09-13 07:04:49,688 INFO o.a.j.JMeter: user.dir  =/jmeter
2019-09-13 07:04:49,688 INFO o.a.j.JMeter: PWD       =/jmeter
2019-09-13 07:04:49,688 INFO o.a.j.JMeter: IP: 172.17.0.2 Name: e3e832627fa7 FullName: e3e832627fa7
2019-09-13 07:04:49,692 INFO o.a.j.s.FileServer: Default base='/jmeter'
2019-09-13 07:04:49,693 INFO o.a.j.s.FileServer: Set new base='/jmeter/Scripts'
2019-09-13 07:04:49,839 INFO o.a.j.s.SaveService: Testplan (JMX) version: 2.2. Testlog (JTL) version: 2.2
2019-09-13 07:04:49,854 INFO o.a.j.s.SaveService: Using SaveService properties file encoding UTF-8
2019-09-13 07:04:49,858 INFO o.a.j.s.SaveService: Using SaveService properties version 3.2
2019-09-13 07:04:49,864 INFO o.a.j.s.SaveService: Loading file: Scripts/Demo_Test_Script.jmx
2019-09-13 07:04:49,903 INFO o.a.j.p.h.c.CookieManager: Settings: Delete null: true Check: false Allow variable: true Save: false Prefix: COOKIE_
2019-09-13 07:04:49,907 INFO o.a.j.p.h.c.CacheManager: Will only cache the following methods: [GET]
2019-09-13 07:04:49,921 INFO o.a.j.p.h.s.HTTPSamplerBase: Parser for text/html is org.apache.jmeter.protocol.http.parser.LagartoBasedHtmlParser
2019-09-13 07:04:49,922 INFO o.a.j.p.h.s.HTTPSamplerBase: Parser for application/xhtml+xml is org.apache.jmeter.protocol.http.parser.LagartoBasedHtmlParser
2019-09-13 07:04:49,922 INFO o.a.j.p.h.s.HTTPSamplerBase: Parser for application/xml is org.apache.jmeter.protocol.http.parser.LagartoBasedHtmlParser
2019-09-13 07:04:49,922 INFO o.a.j.p.h.s.HTTPSamplerBase: Parser for text/xml is org.apache.jmeter.protocol.http.parser.LagartoBasedHtmlParser
2019-09-13 07:04:49,922 INFO o.a.j.p.h.s.HTTPSamplerBase: Parser for text/vnd.wap.wml is org.apache.jmeter.protocol.http.parser.RegexpHTMLParser
2019-09-13 07:04:49,922 INFO o.a.j.p.h.s.HTTPSamplerBase: Parser for text/css is org.apache.jmeter.protocol.http.parser.CssParser
2019-09-13 07:04:49,967 INFO o.a.j.JMeter: Creating summariser <summary>
2019-09-13 07:04:49,979 INFO o.a.j.e.StandardJMeterEngine: Running the test!
2019-09-13 07:04:49,980 INFO o.a.j.s.SampleEvent: List of sample_variables: []
2019-09-13 07:04:49,980 INFO o.a.j.s.SampleEvent: List of sample_variables: []
2019-09-13 07:04:49,983 INFO o.a.j.e.u.CompoundVariable: Note: Function class names must contain the string: '.functions.'
2019-09-13 07:04:49,983 INFO o.a.j.e.u.CompoundVariable: Note: Function class names must not contain the string: '.gui.'
2019-09-13 07:04:50,417 INFO o.a.j.JMeter: Running test (1568358290417)
2019-09-13 07:04:50,456 INFO o.a.j.e.StandardJMeterEngine: Starting ThreadGroup: 1 : Blazemeter_Demo_ThreadGroup
2019-09-13 07:04:50,456 INFO o.a.j.e.StandardJMeterEngine: Starting 5 threads for group Blazemeter_Demo_ThreadGroup.
2019-09-13 07:04:50,456 INFO o.a.j.e.StandardJMeterEngine: Thread will continue on error
2019-09-13 07:04:50,457 INFO o.a.j.t.ThreadGroup: Starting thread group... number=1 threads=5 ramp-up=10 perThread=2000.0 delayedStart=false
2019-09-13 07:04:50,466 INFO o.a.j.s.SampleResult: Note: Sample TimeStamps are START times
2019-09-13 07:04:50,467 INFO o.a.j.s.SampleResult: sampleresult.default.encoding is set to ISO-8859-1
2019-09-13 07:04:50,467 INFO o.a.j.s.SampleResult: sampleresult.useNanoTime=true
2019-09-13 07:04:50,467 INFO o.a.j.s.SampleResult: sampleresult.nanoThreadSleep=5000
2019-09-13 07:04:50,471 INFO o.a.j.t.ThreadGroup: Started thread group number 1
2019-09-13 07:04:50,471 INFO o.a.j.e.StandardJMeterEngine: All thread groups have been started
2019-09-13 07:04:50,514 INFO o.a.j.t.JMeterThread: Thread started: Blazemeter_Demo_ThreadGroup 1-1
2019-09-13 07:04:50,517 INFO o.a.j.s.FileServer: Stored: TestData/UserCredential.csv
2019-09-13 07:04:50,538 INFO o.a.j.p.h.s.HTTPHCAbstractImpl: Local host = e3e832627fa7
2019-09-13 07:04:50,545 INFO o.a.j.p.h.s.HTTPHC4Impl: HTTP request retry count = 0
2019-09-13 07:04:52,514 INFO o.a.j.t.JMeterThread: Thread started: Blazemeter_Demo_ThreadGroup 1-2
2019-09-13 07:04:54,514 INFO o.a.j.t.JMeterThread: Thread started: Blazemeter_Demo_ThreadGroup 1-3
2019-09-13 07:04:56,515 INFO o.a.j.t.JMeterThread: Thread started: Blazemeter_Demo_ThreadGroup 1-4
2019-09-13 07:04:58,514 INFO o.a.j.t.JMeterThread: Thread started: Blazemeter_Demo_ThreadGroup 1-5
2019-09-13 07:06:11,993 INFO o.a.j.t.JMeterThread: Thread is done: Blazemeter_Demo_ThreadGroup 1-2
2019-09-13 07:06:11,993 INFO o.a.j.t.JMeterThread: Thread finished: Blazemeter_Demo_ThreadGroup 1-2
2019-09-13 07:06:14,916 INFO o.a.j.t.JMeterThread: Thread is done: Blazemeter_Demo_ThreadGroup 1-1
2019-09-13 07:06:14,916 INFO o.a.j.t.JMeterThread: Thread finished: Blazemeter_Demo_ThreadGroup 1-1
2019-09-13 07:06:15,869 INFO o.a.j.t.JMeterThread: Thread is done: Blazemeter_Demo_ThreadGroup 1-5
2019-09-13 07:06:15,870 INFO o.a.j.t.JMeterThread: Thread finished: Blazemeter_Demo_ThreadGroup 1-5
2019-09-13 07:06:25,192 INFO o.a.j.t.JMeterThread: Thread is done: Blazemeter_Demo_ThreadGroup 1-4
2019-09-13 07:06:25,192 INFO o.a.j.t.JMeterThread: Thread finished: Blazemeter_Demo_ThreadGroup 1-4
2019-09-13 07:06:49,829 INFO o.a.j.t.JMeterThread: Thread is done: Blazemeter_Demo_ThreadGroup 1-3
2019-09-13 07:06:49,829 INFO o.a.j.t.JMeterThread: Thread finished: Blazemeter_Demo_ThreadGroup 1-3
2019-09-13 07:06:49,830 INFO o.a.j.e.StandardJMeterEngine: Notifying test listeners of end of test
2019-09-13 07:06:49,830 INFO o.a.j.s.FileServer: Close: TestData/UserCredential.csv
2019-09-13 07:06:49,833 INFO o.a.j.r.Summariser: summary =      0 in 00:00:00 = ******/s Avg:     0 Min: 9223372036854775807 Max: -9223372036854775808 Err:     0 (0.00%)
